[1/2] "/Users/hcharlsi/Desktop/ft_rt_vol2/vcpkg/downloads/tools/cmake-3.24.0-osx/cmake-3.24.0-macos-universal/CMake.app/Contents/bin/cmake" -E chdir ".." "/Users/hcharlsi/Desktop/ft_rt_vol2/vcpkg/downloads/tools/cmake-3.24.0-osx/cmake-3.24.0-macos-universal/CMake.app/Contents/bin/cmake" "/Users/hcharlsi/Desktop/ft_rt_vol2/vcpkg/buildtrees/jsoncpp/src/1.9.5-13b47286ba.clean" "-G" "Ninja" "-DCMAKE_BUILD_TYPE=Release" "-DCMAKE_INSTALL_PREFIX=/Users/hcharlsi/Desktop/ft_rt_vol2/vcpkg/packages/jsoncpp_x64-osx" "-DJSONCPP_WITH_CMAKE_PACKAGE=ON" "-DBUILD_STATIC_LIBS=1" "-DJSONCPP_STATIC_WINDOWS_RUNTIME=0" "-DJSONCPP_WITH_PKGCONFIG_SUPPORT=OFF" "-DJSONCPP_WITH_POST_BUILD_UNITTEST=OFF" "-DJSONCPP_WITH_TESTS=OFF" "-DJSONCPP_WITH_EXAMPLE=OFF" "-DCMAKE_MAKE_PROGRAM=/Users/hcharlsi/Desktop/ft_rt_vol2/vcpkg/downloads/tools/ninja/1.10.2-osx/ninja" "-DCMAKE_SYSTEM_NAME=Darwin" "-DBUILD_SHARED_LIBS=OFF" "-DVCPKG_CHAINLOAD_TOOLCHAIN_FILE=/Users/hcharlsi/Desktop/ft_rt_vol2/vcpkg/scripts/toolchains/osx.cmake" "-DVCPKG_TARGET_TRIPLET=x64-osx" "-DVCPKG_SET_CHARSET_FLAG=ON" "-DVCPKG_PLATFORM_TOOLSET=external" "-DCMAKE_EXPORT_NO_PACKAGE_REGISTRY=ON" "-DCMAKE_FIND_PACKAGE_NO_PACKAGE_REGISTRY=ON" "-DCMAKE_FIND_PACKAGE_NO_SYSTEM_PACKAGE_REGISTRY=ON" "-DCMAKE_INSTALL_SYSTEM_RUNTIME_LIBS_SKIP=TRUE" "-DCMAKE_VERBOSE_MAKEFILE=ON" "-DVCPKG_APPLOCAL_DEPS=OFF" "-DCMAKE_TOOLCHAIN_FILE=/Users/hcharlsi/Desktop/ft_rt_vol2/vcpkg/scripts/buildsystems/vcpkg.cmake" "-DCMAKE_ERROR_ON_ABSOLUTE_INSTALL_DESTINATION=ON" "-DVCPKG_CXX_FLAGS=" "-DVCPKG_CXX_FLAGS_RELEASE=" "-DVCPKG_CXX_FLAGS_DEBUG=" "-DVCPKG_C_FLAGS=" "-DVCPKG_C_FLAGS_RELEASE=" "-DVCPKG_C_FLAGS_DEBUG=" "-DVCPKG_CRT_LINKAGE=dynamic" "-DVCPKG_LINKER_FLAGS=" "-DVCPKG_LINKER_FLAGS_RELEASE=" "-DVCPKG_LINKER_FLAGS_DEBUG=" "-DVCPKG_TARGET_ARCHITECTURE=x64" "-DCMAKE_INSTALL_LIBDIR:STRING=lib" "-DCMAKE_INSTALL_BINDIR:STRING=bin" "-D_VCPKG_ROOT_DIR=/Users/hcharlsi/Desktop/ft_rt_vol2/vcpkg" "-D_VCPKG_INSTALLED_DIR=/Users/hcharlsi/Desktop/ft_rt_vol2/vcpkg/installed" "-DVCPKG_MANIFEST_INSTALL=OFF" "-DFETCHCONTENT_FULLY_DISCONNECTED=ON" "-DCMAKE_OSX_ARCHITECTURES=x86_64"
-- The CXX compiler identification is AppleClang 13.0.0.13000029
-- Detecting CXX compiler ABI info
-- Detecting CXX compiler ABI info - done
-- Check for working CXX compiler: /Applications/Xcode.app/Contents/Developer/Toolchains/XcodeDefault.xctoolchain/usr/bin/c++ - skipped
-- Detecting CXX compile features
-- Detecting CXX compile features - done
-- JsonCpp Version: 1.9.5
-- Looking for C++ include clocale
-- Looking for C++ include clocale - found
-- Looking for localeconv
-- Looking for localeconv - found
-- Looking for C++ include sys/types.h
-- Looking for C++ include sys/types.h - found
-- Looking for C++ include stdint.h
-- Looking for C++ include stdint.h - found
-- Looking for C++ include stddef.h
-- Looking for C++ include stddef.h - found
-- Check size of lconv
-- Check size of lconv - done
-- Performing Test HAVE_DECIMAL_POINT
-- Performing Test HAVE_DECIMAL_POINT - Success
-- Configuring done
-- Generating done
CMake Warning:
  Manually-specified variables were not used by the project:

    FETCHCONTENT_FULLY_DISCONNECTED
    VCPKG_CRT_LINKAGE
    VCPKG_PLATFORM_TOOLSET
    VCPKG_SET_CHARSET_FLAG
    _VCPKG_ROOT_DIR


-- Build files have been written to: /Users/hcharlsi/Desktop/ft_rt_vol2/vcpkg/buildtrees/jsoncpp/x64-osx-rel
[2/2] "/Users/hcharlsi/Desktop/ft_rt_vol2/vcpkg/downloads/tools/cmake-3.24.0-osx/cmake-3.24.0-macos-universal/CMake.app/Contents/bin/cmake" -E chdir "../../x64-osx-dbg" "/Users/hcharlsi/Desktop/ft_rt_vol2/vcpkg/downloads/tools/cmake-3.24.0-osx/cmake-3.24.0-macos-universal/CMake.app/Contents/bin/cmake" "/Users/hcharlsi/Desktop/ft_rt_vol2/vcpkg/buildtrees/jsoncpp/src/1.9.5-13b47286ba.clean" "-G" "Ninja" "-DCMAKE_BUILD_TYPE=Debug" "-DCMAKE_INSTALL_PREFIX=/Users/hcharlsi/Desktop/ft_rt_vol2/vcpkg/packages/jsoncpp_x64-osx/debug" "-DJSONCPP_WITH_CMAKE_PACKAGE=ON" "-DBUILD_STATIC_LIBS=1" "-DJSONCPP_STATIC_WINDOWS_RUNTIME=0" "-DJSONCPP_WITH_PKGCONFIG_SUPPORT=OFF" "-DJSONCPP_WITH_POST_BUILD_UNITTEST=OFF" "-DJSONCPP_WITH_TESTS=OFF" "-DJSONCPP_WITH_EXAMPLE=OFF" "-DCMAKE_MAKE_PROGRAM=/Users/hcharlsi/Desktop/ft_rt_vol2/vcpkg/downloads/tools/ninja/1.10.2-osx/ninja" "-DCMAKE_SYSTEM_NAME=Darwin" "-DBUILD_SHARED_LIBS=OFF" "-DVCPKG_CHAINLOAD_TOOLCHAIN_FILE=/Users/hcharlsi/Desktop/ft_rt_vol2/vcpkg/scripts/toolchains/osx.cmake" "-DVCPKG_TARGET_TRIPLET=x64-osx" "-DVCPKG_SET_CHARSET_FLAG=ON" "-DVCPKG_PLATFORM_TOOLSET=external" "-DCMAKE_EXPORT_NO_PACKAGE_REGISTRY=ON" "-DCMAKE_FIND_PACKAGE_NO_PACKAGE_REGISTRY=ON" "-DCMAKE_FIND_PACKAGE_NO_SYSTEM_PACKAGE_REGISTRY=ON" "-DCMAKE_INSTALL_SYSTEM_RUNTIME_LIBS_SKIP=TRUE" "-DCMAKE_VERBOSE_MAKEFILE=ON" "-DVCPKG_APPLOCAL_DEPS=OFF" "-DCMAKE_TOOLCHAIN_FILE=/Users/hcharlsi/Desktop/ft_rt_vol2/vcpkg/scripts/buildsystems/vcpkg.cmake" "-DCMAKE_ERROR_ON_ABSOLUTE_INSTALL_DESTINATION=ON" "-DVCPKG_CXX_FLAGS=" "-DVCPKG_CXX_FLAGS_RELEASE=" "-DVCPKG_CXX_FLAGS_DEBUG=" "-DVCPKG_C_FLAGS=" "-DVCPKG_C_FLAGS_RELEASE=" "-DVCPKG_C_FLAGS_DEBUG=" "-DVCPKG_CRT_LINKAGE=dynamic" "-DVCPKG_LINKER_FLAGS=" "-DVCPKG_LINKER_FLAGS_RELEASE=" "-DVCPKG_LINKER_FLAGS_DEBUG=" "-DVCPKG_TARGET_ARCHITECTURE=x64" "-DCMAKE_INSTALL_LIBDIR:STRING=lib" "-DCMAKE_INSTALL_BINDIR:STRING=bin" "-D_VCPKG_ROOT_DIR=/Users/hcharlsi/Desktop/ft_rt_vol2/vcpkg" "-D_VCPKG_INSTALLED_DIR=/Users/hcharlsi/Desktop/ft_rt_vol2/vcpkg/installed" "-DVCPKG_MANIFEST_INSTALL=OFF" "-DFETCHCONTENT_FULLY_DISCONNECTED=ON" "-DCMAKE_OSX_ARCHITECTURES=x86_64"
-- The CXX compiler identification is AppleClang 13.0.0.13000029
-- Detecting CXX compiler ABI info
-- Detecting CXX compiler ABI info - done
-- Check for working CXX compiler: /Applications/Xcode.app/Contents/Developer/Toolchains/XcodeDefault.xctoolchain/usr/bin/c++ - skipped
-- Detecting CXX compile features
-- Detecting CXX compile features - done
-- JsonCpp Version: 1.9.5
-- Looking for C++ include clocale
-- Looking for C++ include clocale - found
-- Looking for localeconv
-- Looking for localeconv - found
-- Looking for C++ include sys/types.h
-- Looking for C++ include sys/types.h - found
-- Looking for C++ include stdint.h
-- Looking for C++ include stdint.h - found
-- Looking for C++ include stddef.h
-- Looking for C++ include stddef.h - found
-- Check size of lconv
-- Check size of lconv - done
-- Performing Test HAVE_DECIMAL_POINT
-- Performing Test HAVE_DECIMAL_POINT - Success
-- Configuring done
-- Generating done
CMake Warning:
  Manually-specified variables were not used by the project:

    FETCHCONTENT_FULLY_DISCONNECTED
    VCPKG_CRT_LINKAGE
    VCPKG_PLATFORM_TOOLSET
    VCPKG_SET_CHARSET_FLAG
    _VCPKG_ROOT_DIR


-- Build files have been written to: /Users/hcharlsi/Desktop/ft_rt_vol2/vcpkg/buildtrees/jsoncpp/x64-osx-dbg
