-- Downloading https://github.com/ninja-build/ninja/releases/download/v1.10.2/ninja-mac.zip -> ninja-mac-1.10.2.zip...
-- Configuring x64-osx-rel
-- The C compiler identification is AppleClang 13.0.0.13000029
-- Detecting C compiler ABI info
-- Detecting C compiler ABI info - done
-- Check for working C compiler: /Applications/Xcode.app/Contents/Developer/Toolchains/XcodeDefault.xctoolchain/usr/bin/cc - skipped
-- Detecting C compile features
-- Detecting C compile features - done
-- The CXX compiler identification is AppleClang 13.0.0.13000029
-- Detecting CXX compiler ABI info
-- Detecting CXX compiler ABI info - done
-- Check for working CXX compiler: /Applications/Xcode.app/Contents/Developer/Toolchains/XcodeDefault.xctoolchain/usr/bin/c++ - skipped
-- Detecting CXX compile features
-- Detecting CXX compile features - done
-- Configuring done
-- Generating done
-- Build files have been written to: /Users/hcharlsi/Desktop/ft_rt_vol2/vcpkg/buildtrees/detect_compiler/x64-osx-rel

#COMPILER_HASH#c1d30f72952462506466f7d6fd75f7438b8a6a10
#COMPILER_C_HASH#67a31ced3b3333408cec8b5806e671c2ece60253
#COMPILER_C_VERSION#13.0.0.13000029
#COMPILER_C_ID#AppleClang
#COMPILER_CXX_HASH#67a31ced3b3333408cec8b5806e671c2ece60253
#COMPILER_CXX_VERSION#13.0.0.13000029
#COMPILER_CXX_ID#AppleClang
CMake Warning:
  Manually-specified variables were not used by the project:

    BUILD_SHARED_LIBS
    CMAKE_INSTALL_BINDIR
    CMAKE_INSTALL_LIBDIR
    FETCHCONTENT_FULLY_DISCONNECTED
    VCPKG_CRT_LINKAGE
    VCPKG_PLATFORM_TOOLSET
    VCPKG_SET_CHARSET_FLAG
    _VCPKG_ROOT_DIR




